============================= test session starts =============================
platform win32 -- Python 3.14.0, pytest-9.0.2, pluggy-1.6.0
rootdir: C:\Users\upris\Uprising-C oldOutreach
plugins: anyio-4.12.1, asyncio-1.3.0, cov-7.0.0
asyncio: mode=Mode.STRICT, debug=False, asyncio_default_fixture_loop_scope=None, asyncio_default_test_loop_scope=function
collected 21 items

tests\test_api_endpoints.py ..................                           [ 85%]
tests\test_apify_integration.py ...                                      [100%]

============================= 21 passed in 6.40s ==============================
